TaskEditor.vue?bfda:163 
uniqTaskTypeGroup=0: ["教室 地面扫+拖","走廊 地面扫+拖"]
TaskEditor.vue?bfda:167 【第 1 组】
TaskEditor.vue?bfda:181 【"教室 地面扫+拖", "刘泉蕾"】sumList[0] += 2
TaskEditor.vue?bfda:181 【"走廊 地面扫+拖", "刘泉蕾"】sumList[0] += 1
TaskEditor.vue?bfda:181 【"教室 地面扫+拖", "段孝萍"】sumList[0] += 2
TaskEditor.vue?bfda:181 【"走廊 地面扫+拖", "段孝萍"】sumList[0] += 1
TaskEditor.vue?bfda:181 【"教室 地面扫+拖", "袁小英"】sumList[0] += 2
TaskEditor.vue?bfda:181 【"走廊 地面扫+拖", "袁小英"】sumList[0] += 1
TaskEditor.vue?bfda:181 【"教室 地面扫+拖", "吴冠佚"】sumList[0] += 2
TaskEditor.vue?bfda:181 【"走廊 地面扫+拖", "吴冠佚"】sumList[0] += 1
TaskEditor.vue?bfda:181 【"教室 地面扫+拖", "罗敏"】sumList[0] += 2
TaskEditor.vue?bfda:181 【"走廊 地面扫+拖", "罗敏"】sumList[0] += 1
TaskEditor.vue?bfda:181 【"教室 地面扫+拖", "石强正"】sumList[0] += 2
TaskEditor.vue?bfda:181 【"走廊 地面扫+拖", "石强正"】sumList[0] += 2
TaskEditor.vue?bfda:185 

TaskEditor.vue?bfda:167 【第 2 组】
TaskEditor.vue?bfda:181 【"教室 地面扫+拖", "黄楠凌"】sumList[1] += 0
TaskEditor.vue?bfda:181 【"走廊 地面扫+拖", "黄楠凌"】sumList[1] += 1
TaskEditor.vue?bfda:181 【"教室 地面扫+拖", "宋光琪"】sumList[1] += 0
TaskEditor.vue?bfda:181 【"走廊 地面扫+拖", "宋光琪"】sumList[1] += 0
TaskEditor.vue?bfda:181 【"教室 地面扫+拖", "宋高杨"】sumList[1] += 0
TaskEditor.vue?bfda:181 【"走廊 地面扫+拖", "宋高杨"】sumList[1] += 0
TaskEditor.vue?bfda:181 【"教室 地面扫+拖", "袁江波"】sumList[1] += 0
TaskEditor.vue?bfda:181 【"走廊 地面扫+拖", "袁江波"】sumList[1] += 0
TaskEditor.vue?bfda:181 【"教室 地面扫+拖", "叶子"】sumList[1] += 0
TaskEditor.vue?bfda:181 【"走廊 地面扫+拖", "叶子"】sumList[1] += 0
TaskEditor.vue?bfda:181 【"教室 地面扫+拖", "杨康弘"】sumList[1] += 0
TaskEditor.vue?bfda:181 【"走廊 地面扫+拖", "杨康弘"】sumList[1] += 1
TaskEditor.vue?bfda:185 

TaskEditor.vue?bfda:167 【第 3 组】
TaskEditor.vue?bfda:181 【"教室 地面扫+拖", "范萌萌"】sumList[2] += 1
TaskEditor.vue?bfda:181 【"走廊 地面扫+拖", "范萌萌"】sumList[2] += 0
TaskEditor.vue?bfda:181 【"教室 地面扫+拖", "罗洪坤"】sumList[2] += 0
TaskEditor.vue?bfda:181 【"走廊 地面扫+拖", "罗洪坤"】sumList[2] += 1
TaskEditor.vue?bfda:181 【"教室 地面扫+拖", "斯芮琦"】sumList[2] += 1
TaskEditor.vue?bfda:181 【"走廊 地面扫+拖", "斯芮琦"】sumList[2] += 0
TaskEditor.vue?bfda:181 【"教室 地面扫+拖", "唐永圣"】sumList[2] += 1
TaskEditor.vue?bfda:181 【"走廊 地面扫+拖", "唐永圣"】sumList[2] += 0
TaskEditor.vue?bfda:181 【"教室 地面扫+拖", "石超林"】sumList[2] += 1
TaskEditor.vue?bfda:181 【"走廊 地面扫+拖", "石超林"】sumList[2] += 0
TaskEditor.vue?bfda:181 【"教室 地面扫+拖", "袁婧"】sumList[2] += 0
TaskEditor.vue?bfda:181 【"走廊 地面扫+拖", "袁婧"】sumList[2] += 1
TaskEditor.vue?bfda:185 

TaskEditor.vue?bfda:167 【第 4 组】
TaskEditor.vue?bfda:181 【"教室 地面扫+拖", "蒋尧毅"】sumList[3] += 0
TaskEditor.vue?bfda:181 【"走廊 地面扫+拖", "蒋尧毅"】sumList[3] += 1
TaskEditor.vue?bfda:181 【"教室 地面扫+拖", "苏晓佳"】sumList[3] += 0
TaskEditor.vue?bfda:181 【"走廊 地面扫+拖", "苏晓佳"】sumList[3] += 0
TaskEditor.vue?bfda:181 【"教室 地面扫+拖", "黄榕"】sumList[3] += 0
TaskEditor.vue?bfda:181 【"走廊 地面扫+拖", "黄榕"】sumList[3] += 0
TaskEditor.vue?bfda:181 【"教室 地面扫+拖", "佘进伟"】sumList[3] += 0
TaskEditor.vue?bfda:181 【"走廊 地面扫+拖", "佘进伟"】sumList[3] += 0
TaskEditor.vue?bfda:181 【"教室 地面扫+拖", "郑钰洁"】sumList[3] += 0
TaskEditor.vue?bfda:181 【"走廊 地面扫+拖", "郑钰洁"】sumList[3] += 0
TaskEditor.vue?bfda:181 【"教室 地面扫+拖", "陈容"】sumList[3] += 0
TaskEditor.vue?bfda:181 【"走廊 地面扫+拖", "陈容"】sumList[3] += 0
TaskEditor.vue?bfda:185 

TaskEditor.vue?bfda:188 【结果】taskTypeGroupI=0, sumList= {0: 19, 1: 2, 2: 6, 3: 1}
TaskEditor.vue?bfda:213 【结果】groupSelectList[0] = 3
TaskEditor.vue?bfda:163 
uniqTaskTypeGroup=1: ["走廊 地面扫+拖","擦 教室瓷砖 + 走廊瓷砖 + 窗户框 + 门窗蜘蛛网","洗白板 擦讲台 + 倒垃圾 + 储物间清理"]
TaskEditor.vue?bfda:167 【第 1 组】
TaskEditor.vue?bfda:181 【"走廊 地面扫+拖", "刘泉蕾"】sumList[0] += 1
TaskEditor.vue?bfda:181 【"擦 教室瓷砖 + 走廊瓷砖 + 窗户框 + 门窗蜘蛛网", "刘泉蕾"】sumList[0] += 0
TaskEditor.vue?bfda:181 【"洗白板 擦讲台 + 倒垃圾 + 储物间清理", "刘泉蕾"】sumList[0] += 1
TaskEditor.vue?bfda:181 【"走廊 地面扫+拖", "段孝萍"】sumList[0] += 1
TaskEditor.vue?bfda:181 【"擦 教室瓷砖 + 走廊瓷砖 + 窗户框 + 门窗蜘蛛网", "段孝萍"】sumList[0] += 1
TaskEditor.vue?bfda:181 【"洗白板 擦讲台 + 倒垃圾 + 储物间清理", "段孝萍"】sumList[0] += 0
TaskEditor.vue?bfda:181 【"走廊 地面扫+拖", "袁小英"】sumList[0] += 1
TaskEditor.vue?bfda:181 【"擦 教室瓷砖 + 走廊瓷砖 + 窗户框 + 门窗蜘蛛网", "袁小英"】sumList[0] += 1
TaskEditor.vue?bfda:181 【"洗白板 擦讲台 + 倒垃圾 + 储物间清理", "袁小英"】sumList[0] += 0
TaskEditor.vue?bfda:181 【"走廊 地面扫+拖", "吴冠佚"】sumList[0] += 1
TaskEditor.vue?bfda:181 【"擦 教室瓷砖 + 走廊瓷砖 + 窗户框 + 门窗蜘蛛网", "吴冠佚"】sumList[0] += 1
TaskEditor.vue?bfda:181 【"洗白板 擦讲台 + 倒垃圾 + 储物间清理", "吴冠佚"】sumList[0] += 0
TaskEditor.vue?bfda:181 【"走廊 地面扫+拖", "罗敏"】sumList[0] += 1
TaskEditor.vue?bfda:181 【"擦 教室瓷砖 + 走廊瓷砖 + 窗户框 + 门窗蜘蛛网", "罗敏"】sumList[0] += 0
TaskEditor.vue?bfda:181 【"洗白板 擦讲台 + 倒垃圾 + 储物间清理", "罗敏"】sumList[0] += 1
TaskEditor.vue?bfda:181 【"走廊 地面扫+拖", "石强正"】sumList[0] += 2
TaskEditor.vue?bfda:181 【"擦 教室瓷砖 + 走廊瓷砖 + 窗户框 + 门窗蜘蛛网", "石强正"】sumList[0] += 0
TaskEditor.vue?bfda:181 【"洗白板 擦讲台 + 倒垃圾 + 储物间清理", "石强正"】sumList[0] += 0
TaskEditor.vue?bfda:185 

TaskEditor.vue?bfda:167 【第 2 组】
TaskEditor.vue?bfda:181 【"走廊 地面扫+拖", "黄楠凌"】sumList[1] += 1
TaskEditor.vue?bfda:181 【"擦 教室瓷砖 + 走廊瓷砖 + 窗户框 + 门窗蜘蛛网", "黄楠凌"】sumList[1] += 0
TaskEditor.vue?bfda:181 【"洗白板 擦讲台 + 倒垃圾 + 储物间清理", "黄楠凌"】sumList[1] += 1
TaskEditor.vue?bfda:181 【"走廊 地面扫+拖", "宋光琪"】sumList[1] += 0
TaskEditor.vue?bfda:181 【"擦 教室瓷砖 + 走廊瓷砖 + 窗户框 + 门窗蜘蛛网", "宋光琪"】sumList[1] += 1
TaskEditor.vue?bfda:181 【"洗白板 擦讲台 + 倒垃圾 + 储物间清理", "宋光琪"】sumList[1] += 1
TaskEditor.vue?bfda:181 【"走廊 地面扫+拖", "宋高杨"】sumList[1] += 0
TaskEditor.vue?bfda:181 【"擦 教室瓷砖 + 走廊瓷砖 + 窗户框 + 门窗蜘蛛网", "宋高杨"】sumList[1] += 1
TaskEditor.vue?bfda:181 【"洗白板 擦讲台 + 倒垃圾 + 储物间清理", "宋高杨"】sumList[1] += 1
TaskEditor.vue?bfda:181 【"走廊 地面扫+拖", "袁江波"】sumList[1] += 0
TaskEditor.vue?bfda:181 【"擦 教室瓷砖 + 走廊瓷砖 + 窗户框 + 门窗蜘蛛网", "袁江波"】sumList[1] += 1
TaskEditor.vue?bfda:181 【"洗白板 擦讲台 + 倒垃圾 + 储物间清理", "袁江波"】sumList[1] += 1
TaskEditor.vue?bfda:181 【"走廊 地面扫+拖", "叶子"】sumList[1] += 0
TaskEditor.vue?bfda:181 【"擦 教室瓷砖 + 走廊瓷砖 + 窗户框 + 门窗蜘蛛网", "叶子"】sumList[1] += 2
TaskEditor.vue?bfda:181 【"洗白板 擦讲台 + 倒垃圾 + 储物间清理", "叶子"】sumList[1] += 0
TaskEditor.vue?bfda:181 【"走廊 地面扫+拖", "杨康弘"】sumList[1] += 1
TaskEditor.vue?bfda:181 【"擦 教室瓷砖 + 走廊瓷砖 + 窗户框 + 门窗蜘蛛网", "杨康弘"】sumList[1] += 1
TaskEditor.vue?bfda:181 【"洗白板 擦讲台 + 倒垃圾 + 储物间清理", "杨康弘"】sumList[1] += 0
TaskEditor.vue?bfda:185 

TaskEditor.vue?bfda:167 【第 3 组】
TaskEditor.vue?bfda:181 【"走廊 地面扫+拖", "范萌萌"】sumList[2] += 0
TaskEditor.vue?bfda:181 【"擦 教室瓷砖 + 走廊瓷砖 + 窗户框 + 门窗蜘蛛网", "范萌萌"】sumList[2] += 0
TaskEditor.vue?bfda:181 【"洗白板 擦讲台 + 倒垃圾 + 储物间清理", "范萌萌"】sumList[2] += 0
TaskEditor.vue?bfda:181 【"走廊 地面扫+拖", "罗洪坤"】sumList[2] += 1
TaskEditor.vue?bfda:181 【"擦 教室瓷砖 + 走廊瓷砖 + 窗户框 + 门窗蜘蛛网", "罗洪坤"】sumList[2] += 0
TaskEditor.vue?bfda:181 【"洗白板 擦讲台 + 倒垃圾 + 储物间清理", "罗洪坤"】sumList[2] += 0
TaskEditor.vue?bfda:181 【"走廊 地面扫+拖", "斯芮琦"】sumList[2] += 0
TaskEditor.vue?bfda:181 【"擦 教室瓷砖 + 走廊瓷砖 + 窗户框 + 门窗蜘蛛网", "斯芮琦"】sumList[2] += 0
TaskEditor.vue?bfda:181 【"洗白板 擦讲台 + 倒垃圾 + 储物间清理", "斯芮琦"】sumList[2] += 0
TaskEditor.vue?bfda:181 【"走廊 地面扫+拖", "唐永圣"】sumList[2] += 0
TaskEditor.vue?bfda:181 【"擦 教室瓷砖 + 走廊瓷砖 + 窗户框 + 门窗蜘蛛网", "唐永圣"】sumList[2] += 0
TaskEditor.vue?bfda:181 【"洗白板 擦讲台 + 倒垃圾 + 储物间清理", "唐永圣"】sumList[2] += 0
TaskEditor.vue?bfda:181 【"走廊 地面扫+拖", "石超林"】sumList[2] += 0
TaskEditor.vue?bfda:181 【"擦 教室瓷砖 + 走廊瓷砖 + 窗户框 + 门窗蜘蛛网", "石超林"】sumList[2] += 0
TaskEditor.vue?bfda:181 【"洗白板 擦讲台 + 倒垃圾 + 储物间清理", "石超林"】sumList[2] += 0
TaskEditor.vue?bfda:181 【"走廊 地面扫+拖", "袁婧"】sumList[2] += 1
TaskEditor.vue?bfda:181 【"擦 教室瓷砖 + 走廊瓷砖 + 窗户框 + 门窗蜘蛛网", "袁婧"】sumList[2] += 0
TaskEditor.vue?bfda:181 【"洗白板 擦讲台 + 倒垃圾 + 储物间清理", "袁婧"】sumList[2] += 0
TaskEditor.vue?bfda:185 

TaskEditor.vue?bfda:167 【第 4 组】
TaskEditor.vue?bfda:170 -- 跳过 --
TaskEditor.vue?bfda:188 【结果】taskTypeGroupI=1, sumList= {0: 12, 1: 12, 2: 2}
TaskEditor.vue?bfda:213 【结果】groupSelectList[1] = 2
TaskEditor.vue?bfda:163 
uniqTaskTypeGroup=2: ["羽毛球场（门卫到沙坑）","水泥跑道 + 鹅卵石"]
TaskEditor.vue?bfda:167 【第 1 组】
TaskEditor.vue?bfda:181 【"羽毛球场（门卫到沙坑）", "刘泉蕾"】sumList[0] += 0
TaskEditor.vue?bfda:181 【"水泥跑道 + 鹅卵石", "刘泉蕾"】sumList[0] += 0
TaskEditor.vue?bfda:181 【"羽毛球场（门卫到沙坑）", "段孝萍"】sumList[0] += 0
TaskEditor.vue?bfda:181 【"水泥跑道 + 鹅卵石", "段孝萍"】sumList[0] += 0
TaskEditor.vue?bfda:181 【"羽毛球场（门卫到沙坑）", "袁小英"】sumList[0] += 0
TaskEditor.vue?bfda:181 【"水泥跑道 + 鹅卵石", "袁小英"】sumList[0] += 0
TaskEditor.vue?bfda:181 【"羽毛球场（门卫到沙坑）", "吴冠佚"】sumList[0] += 0
TaskEditor.vue?bfda:181 【"水泥跑道 + 鹅卵石", "吴冠佚"】sumList[0] += 0
TaskEditor.vue?bfda:181 【"羽毛球场（门卫到沙坑）", "罗敏"】sumList[0] += 0
TaskEditor.vue?bfda:181 【"水泥跑道 + 鹅卵石", "罗敏"】sumList[0] += 0
TaskEditor.vue?bfda:181 【"羽毛球场（门卫到沙坑）", "石强正"】sumList[0] += 0
TaskEditor.vue?bfda:181 【"水泥跑道 + 鹅卵石", "石强正"】sumList[0] += 0
TaskEditor.vue?bfda:185 

TaskEditor.vue?bfda:167 【第 2 组】
TaskEditor.vue?bfda:181 【"羽毛球场（门卫到沙坑）", "黄楠凌"】sumList[1] += 1
TaskEditor.vue?bfda:181 【"水泥跑道 + 鹅卵石", "黄楠凌"】sumList[1] += 0
TaskEditor.vue?bfda:181 【"羽毛球场（门卫到沙坑）", "宋光琪"】sumList[1] += 0
TaskEditor.vue?bfda:181 【"水泥跑道 + 鹅卵石", "宋光琪"】sumList[1] += 1
TaskEditor.vue?bfda:181 【"羽毛球场（门卫到沙坑）", "宋高杨"】sumList[1] += 1
TaskEditor.vue?bfda:181 【"水泥跑道 + 鹅卵石", "宋高杨"】sumList[1] += 1
TaskEditor.vue?bfda:181 【"羽毛球场（门卫到沙坑）", "袁江波"】sumList[1] += 1
TaskEditor.vue?bfda:181 【"水泥跑道 + 鹅卵石", "袁江波"】sumList[1] += 0
TaskEditor.vue?bfda:181 【"羽毛球场（门卫到沙坑）", "叶子"】sumList[1] += 1
TaskEditor.vue?bfda:181 【"水泥跑道 + 鹅卵石", "叶子"】sumList[1] += 0
TaskEditor.vue?bfda:181 【"羽毛球场（门卫到沙坑）", "杨康弘"】sumList[1] += 1
TaskEditor.vue?bfda:181 【"水泥跑道 + 鹅卵石", "杨康弘"】sumList[1] += 0
TaskEditor.vue?bfda:185 

TaskEditor.vue?bfda:167 【第 3 组】
TaskEditor.vue?bfda:170 -- 跳过 --
TaskEditor.vue?bfda:167 【第 4 组】
TaskEditor.vue?bfda:170 -- 跳过 --
TaskEditor.vue?bfda:188 【结果】taskTypeGroupI=2, sumList= {0: 0, 1: 7}
TaskEditor.vue?bfda:213 【结果】groupSelectList[2] = 0
TaskEditor.vue?bfda:163 
uniqTaskTypeGroup=3: ["水泥跑道 + 鹅卵石","沙坑 单杠双杠 区域","擦花坛 + 捡垃圾"]
TaskEditor.vue?bfda:167 【第 1 组】
TaskEditor.vue?bfda:170 -- 跳过 --
TaskEditor.vue?bfda:167 【第 2 组】
TaskEditor.vue?bfda:181 【"水泥跑道 + 鹅卵石", "黄楠凌"】sumList[1] += 0
TaskEditor.vue?bfda:181 【"沙坑 单杠双杠 区域", "黄楠凌"】sumList[1] += 0
TaskEditor.vue?bfda:181 【"擦花坛 + 捡垃圾", "黄楠凌"】sumList[1] += 1
TaskEditor.vue?bfda:181 【"水泥跑道 + 鹅卵石", "宋光琪"】sumList[1] += 1
TaskEditor.vue?bfda:181 【"沙坑 单杠双杠 区域", "宋光琪"】sumList[1] += 1
TaskEditor.vue?bfda:181 【"擦花坛 + 捡垃圾", "宋光琪"】sumList[1] += 0
TaskEditor.vue?bfda:181 【"水泥跑道 + 鹅卵石", "宋高杨"】sumList[1] += 1
TaskEditor.vue?bfda:181 【"沙坑 单杠双杠 区域", "宋高杨"】sumList[1] += 0
TaskEditor.vue?bfda:181 【"擦花坛 + 捡垃圾", "宋高杨"】sumList[1] += 0
TaskEditor.vue?bfda:181 【"水泥跑道 + 鹅卵石", "袁江波"】sumList[1] += 0
TaskEditor.vue?bfda:181 【"沙坑 单杠双杠 区域", "袁江波"】sumList[1] += 1
TaskEditor.vue?bfda:181 【"擦花坛 + 捡垃圾", "袁江波"】sumList[1] += 0
TaskEditor.vue?bfda:181 【"水泥跑道 + 鹅卵石", "叶子"】sumList[1] += 0
TaskEditor.vue?bfda:181 【"沙坑 单杠双杠 区域", "叶子"】sumList[1] += 0
TaskEditor.vue?bfda:181 【"擦花坛 + 捡垃圾", "叶子"】sumList[1] += 1
TaskEditor.vue?bfda:181 【"水泥跑道 + 鹅卵石", "杨康弘"】sumList[1] += 0
TaskEditor.vue?bfda:181 【"沙坑 单杠双杠 区域", "杨康弘"】sumList[1] += 1
TaskEditor.vue?bfda:181 【"擦花坛 + 捡垃圾", "杨康弘"】sumList[1] += 0
TaskEditor.vue?bfda:185 

TaskEditor.vue?bfda:167 【第 3 组】
TaskEditor.vue?bfda:170 -- 跳过 --
TaskEditor.vue?bfda:167 【第 4 组】
TaskEditor.vue?bfda:170 -- 跳过 --
TaskEditor.vue?bfda:188 【结果】taskTypeGroupI=3, sumList= {1: 7}
TaskEditor.vue?bfda:213 【结果】groupSelectList[3] = 1
TaskEditor.vue?bfda:130 {0: "3", 1: "2", 2: "0", 3: "1"}
